<?xml version="1.0" encoding="UTF-8"?>
<!-- Generated by org.testng.reporters.JUnitXMLReporter -->
<testsuite ignored="0" hostname="hp" failures="0" tests="1" name="Default test" time="0.061" errors="0" timestamp="2023-03-20T17:17:07 IST">
  <testcase classname="Testpackage.TestTNG1" name="@BeforeTest beforetest" time="-1.679312827224E9">
    <failure type="org.testng.TestNGException" message="
Parameter &amp;apos;browser&amp;apos; is required by BeforeTest on method beforetest but has not been marked @Optional or defined
in C:\Users\aashi\AppData\Local\Temp\testng-eclipse--510140166\testng-customsuite.xml">
      <![CDATA[org.testng.TestNGException: 
Parameter 'browser' is required by BeforeTest on method beforetest but has not been marked @Optional or defined
in C:\Users\aashi\AppData\Local\Temp\testng-eclipse--510140166\testng-customsuite.xml
at org.testng.internal.Parameters.createParams(Parameters.java:270)
at org.testng.internal.Parameters.createParametersForMethod(Parameters.java:358)
at org.testng.internal.Parameters.createParameters(Parameters.java:700)
at org.testng.internal.Parameters.createConfigurationParameters(Parameters.java:168)
at org.testng.internal.ConfigInvoker.invokeConfigurations(ConfigInvoker.java:302)
at org.testng.TestRunner.invokeTestConfigurations(TestRunner.java:637)
at org.testng.TestRunner.beforeRun(TestRunner.java:627)
at org.testng.TestRunner.run(TestRunner.java:589)
at org.testng.SuiteRunner.runTest(SuiteRunner.java:377)
at org.testng.SuiteRunner.runSequentially(SuiteRunner.java:371)
at org.testng.SuiteRunner.privateRun(SuiteRunner.java:332)
at org.testng.SuiteRunner.run(SuiteRunner.java:276)
at org.testng.SuiteRunnerWorker.runSuite(SuiteRunnerWorker.java:53)
at org.testng.SuiteRunnerWorker.run(SuiteRunnerWorker.java:96)
at org.testng.TestNG.runSuitesSequentially(TestNG.java:1212)
at org.testng.TestNG.runSuitesLocally(TestNG.java:1134)
at org.testng.TestNG.runSuites(TestNG.java:1063)
at org.testng.TestNG.run(TestNG.java:1031)
at org.testng.remote.AbstractRemoteTestNG.run(AbstractRemoteTestNG.java:115)
at org.testng.remote.RemoteTestNG.initAndRun(RemoteTestNG.java:251)
at org.testng.remote.RemoteTestNG.main(RemoteTestNG.java:77)
]]>
    </failure>
  </testcase> <!-- @BeforeTest beforetest -->
  <testcase classname="Testpackage.TestTNG1" name="@BeforeClass beforeclass" time="-1.679312827254E9">
    <skipped/>
  </testcase> <!-- @BeforeClass beforeclass -->
  <testcase classname="Testpackage.TestTNG1" name="@BeforeMethod beforemethod" time="-1.67931282727E9">
    <skipped/>
  </testcase> <!-- @BeforeMethod beforemethod -->
  <testcase classname="Testpackage.TestTNG1" name="@AfterMethod Aftermethod" time="-1.679312827275E9">
    <skipped/>
  </testcase> <!-- @AfterMethod Aftermethod -->
  <testcase classname="Testpackage.TestTNG1" name="@AfterClass afterclass" time="-1.679312827277E9">
    <skipped/>
  </testcase> <!-- @AfterClass afterclass -->
  <testcase classname="Testpackage.TestTNG1" name="@AfterTest aftertest" time="-1.679312827279E9">
    <skipped/>
  </testcase> <!-- @AfterTest aftertest -->
  <testcase classname="Testpackage.TestTNG1" name="varifyloginfunctionlity" time="0.0">
    <skipped/>
  </testcase> <!-- varifyloginfunctionlity -->
</testsuite> <!-- Default test -->
